<?xml version="1.0" encoding="UTF-8"?>
<testsuite xmlns:xsi="http://www.w3.org/2001/XMLSchema-instance" xsi:noNamespaceSchemaLocation="https://maven.apache.org/surefire/maven-surefire-plugin/xsd/surefire-test-report.xsd" name="com.croga.MassDistribution.MassDistributionTest" time="0.081" tests="16" errors="0" skipped="0" failures="0">
  <properties>
    <property name="sun.desktop" value="windows"/>
    <property name="awt.toolkit" value="sun.awt.windows.WToolkit"/>
    <property name="java.specification.version" value="11"/>
    <property name="sun.cpu.isalist" value="amd64"/>
    <property name="sun.jnu.encoding" value="Cp1252"/>
    <property name="java.class.path" value="E:\Code\java_maven_weapons\MassDistribution\target\test-classes;E:\Code\java_maven_weapons\MassDistribution\target\classes;C:\Users\croga\.m2\repository\org\junit\jupiter\junit-jupiter-engine\5.6.2\junit-jupiter-engine-5.6.2.jar;C:\Users\croga\.m2\repository\org\apiguardian\apiguardian-api\1.1.0\apiguardian-api-1.1.0.jar;C:\Users\croga\.m2\repository\org\junit\platform\junit-platform-engine\1.6.2\junit-platform-engine-1.6.2.jar;C:\Users\croga\.m2\repository\org\opentest4j\opentest4j\1.2.0\opentest4j-1.2.0.jar;C:\Users\croga\.m2\repository\org\junit\platform\junit-platform-commons\1.6.2\junit-platform-commons-1.6.2.jar;C:\Users\croga\.m2\repository\org\junit\jupiter\junit-jupiter-api\5.6.2\junit-jupiter-api-5.6.2.jar;C:\Users\croga\.m2\repository\org\junit\jupiter\junit-jupiter-params\5.6.2\junit-jupiter-params-5.6.2.jar;C:\Users\croga\.m2\repository\org\junit\platform\junit-platform-runner\1.5.2\junit-platform-runner-1.5.2.jar;C:\Users\croga\.m2\repository\junit\junit\4.12\junit-4.12.jar;C:\Users\croga\.m2\repository\org\hamcrest\hamcrest-core\1.3\hamcrest-core-1.3.jar;C:\Users\croga\.m2\repository\org\junit\platform\junit-platform-launcher\1.5.2\junit-platform-launcher-1.5.2.jar;C:\Users\croga\.m2\repository\org\junit\platform\junit-platform-suite-api\1.5.2\junit-platform-suite-api-1.5.2.jar;"/>
    <property name="java.vm.vendor" value="Oracle Corporation"/>
    <property name="sun.arch.data.model" value="64"/>
    <property name="user.variant" value=""/>
    <property name="java.vendor.url" value="http://java.oracle.com/"/>
    <property name="user.timezone" value="Europe/Berlin"/>
    <property name="java.vm.specification.version" value="11"/>
    <property name="os.name" value="Windows 10"/>
    <property name="sun.java.launcher" value="SUN_STANDARD"/>
    <property name="user.country" value="GB"/>
    <property name="sun.boot.library.path" value="C:\Program Files\Java\jdk-11.0.2\bin"/>
    <property name="sun.java.command" value="C:\Users\croga\AppData\Local\Temp\surefire5981599191118351166\surefirebooter12073191455391947038.jar C:\Users\croga\AppData\Local\Temp\surefire5981599191118351166 2020-05-26T16-29-32_186-jvmRun1 surefire4296656165487471380tmp surefire_03549264011097894622tmp"/>
    <property name="jdk.debug" value="release"/>
    <property name="surefire.test.class.path" value="E:\Code\java_maven_weapons\MassDistribution\target\test-classes;E:\Code\java_maven_weapons\MassDistribution\target\classes;C:\Users\croga\.m2\repository\org\junit\jupiter\junit-jupiter-engine\5.6.2\junit-jupiter-engine-5.6.2.jar;C:\Users\croga\.m2\repository\org\apiguardian\apiguardian-api\1.1.0\apiguardian-api-1.1.0.jar;C:\Users\croga\.m2\repository\org\junit\platform\junit-platform-engine\1.6.2\junit-platform-engine-1.6.2.jar;C:\Users\croga\.m2\repository\org\opentest4j\opentest4j\1.2.0\opentest4j-1.2.0.jar;C:\Users\croga\.m2\repository\org\junit\platform\junit-platform-commons\1.6.2\junit-platform-commons-1.6.2.jar;C:\Users\croga\.m2\repository\org\junit\jupiter\junit-jupiter-api\5.6.2\junit-jupiter-api-5.6.2.jar;C:\Users\croga\.m2\repository\org\junit\jupiter\junit-jupiter-params\5.6.2\junit-jupiter-params-5.6.2.jar;C:\Users\croga\.m2\repository\org\junit\platform\junit-platform-runner\1.5.2\junit-platform-runner-1.5.2.jar;C:\Users\croga\.m2\repository\junit\junit\4.12\junit-4.12.jar;C:\Users\croga\.m2\repository\org\hamcrest\hamcrest-core\1.3\hamcrest-core-1.3.jar;C:\Users\croga\.m2\repository\org\junit\platform\junit-platform-launcher\1.5.2\junit-platform-launcher-1.5.2.jar;C:\Users\croga\.m2\repository\org\junit\platform\junit-platform-suite-api\1.5.2\junit-platform-suite-api-1.5.2.jar;"/>
    <property name="sun.cpu.endian" value="little"/>
    <property name="user.home" value="C:\Users\croga"/>
    <property name="user.language" value="en"/>
    <property name="java.specification.vendor" value="Oracle Corporation"/>
    <property name="java.version.date" value="2019-01-15"/>
    <property name="java.home" value="C:\Program Files\Java\jdk-11.0.2"/>
    <property name="file.separator" value="\"/>
    <property name="basedir" value="E:\Code\java_maven_weapons\MassDistribution"/>
    <property name="java.vm.compressedOopsMode" value="Zero based"/>
    <property name="line.separator" value="&#10;"/>
    <property name="java.specification.name" value="Java Platform API Specification"/>
    <property name="java.vm.specification.vendor" value="Oracle Corporation"/>
    <property name="java.awt.graphicsenv" value="sun.awt.Win32GraphicsEnvironment"/>
    <property name="surefire.real.class.path" value="C:\Users\croga\AppData\Local\Temp\surefire5981599191118351166\surefirebooter12073191455391947038.jar"/>
    <property name="user.script" value=""/>
    <property name="sun.management.compiler" value="HotSpot 64-Bit Tiered Compilers"/>
    <property name="java.runtime.version" value="11.0.2+9"/>
    <property name="user.name" value="croga"/>
    <property name="path.separator" value=";"/>
    <property name="os.version" value="10.0"/>
    <property name="java.runtime.name" value="OpenJDK Runtime Environment"/>
    <property name="file.encoding" value="Cp1252"/>
    <property name="java.vm.name" value="OpenJDK 64-Bit Server VM"/>
    <property name="java.vendor.version" value="18.9"/>
    <property name="localRepository" value="C:\Users\croga\.m2\repository"/>
    <property name="java.vendor.url.bug" value="http://bugreport.java.com/bugreport/"/>
    <property name="java.io.tmpdir" value="C:\Users\croga\AppData\Local\Temp\"/>
    <property name="java.version" value="11.0.2"/>
    <property name="user.dir" value="E:\Code\java_maven_weapons\MassDistribution"/>
    <property name="os.arch" value="amd64"/>
    <property name="java.vm.specification.name" value="Java Virtual Machine Specification"/>
    <property name="java.awt.printerjob" value="sun.awt.windows.WPrinterJob"/>
    <property name="sun.os.patch.level" value=""/>
    <property name="java.library.path" value="C:\Program Files\Java\jdk-11.0.2\bin;C:\WINDOWS\Sun\Java\bin;C:\WINDOWS\system32;C:\WINDOWS;C:/Program Files/Java/jdk-11.0.2/bin/server;C:/Program Files/Java/jdk-11.0.2/bin;C:\Program Files\ImageMagick-7.0.9-Q16;C:\Python27\;C:\Python27\Scripts;C:\Program Files\Git\usr\local\bin;C:\Program Files\Git\bin;C:\Program Files\Java\jdk-11.0.2\bin;C:\Program Files (x86)\Common Files\Oracle\Java\javapath;C:\Program Files (x86)\Intel\Intel(R) Management Engine Components\iCLS\;C:\Program Files\Intel\Intel(R) Management Engine Components\iCLS\;C:\Windows\system32;C:\Windows;C:\Windows\System32\Wbem;C:\Windows\System32\WindowsPowerShell\v1.0\;C:\Windows\System32\OpenSSH\;C:\Program Files (x86)\Intel\Intel(R) Management Engine Components\DAL;C:\Program Files\Intel\Intel(R) Management Engine Components\DAL;C:\Program Files (x86)\Intel\Intel(R) Management Engine Components\IPT;C:\Program Files\Intel\Intel(R) Management Engine Components\IPT;C:\Program Files (x86)\NVIDIA Corporation\PhysX\Common;C:\WINDOWS\system32;C:\WINDOWS;C:\WINDOWS\System32\Wbem;C:\WINDOWS\System32\WindowsPowerShell\v1.0\;C:\WINDOWS\System32\OpenSSH\;C:\Program Files\Microsoft SQL Server\130\Tools\Binn\;C:\Program Files\Microsoft SQL Server\Client SDK\ODBC\170\Tools\Binn\;C:\Program Files\Git\cmd;C:\Program Files\Microsoft VS Code\bin;C:\Program Files\nodejs\;C:\ProgramData\chocolatey\bin;C:\Program Files\Docker\Docker\resources\bin;C:\ProgramData\DockerDesktop\version-bin;C:\Program Files\Amazon\AWSCLIV2\;E:\PHP;C:\ProgramData\ComposerSetup\bin;C:\Program Files\Symfony;C:\Program Files\dotnet\;E:\Code\Udemy\Maven\apache-maven-3.6.3\bin;E:\Code\Udemy\Spring Boot RAD\groovy-2.4.19\bin;E:\Code\Udemy\Spring Boot RAD\gradle\bin;E:\Code\Udemy\Spring Boot RAD\spring boot cli\bin;C:\Users\croga\AppData\Local\Microsoft\WindowsApps;C:\Users\croga\AppData\Local\Programs\Microsoft VS Code\bin;C:\Users\croga\AppData\Roaming\npm;E:\Code\ReSharper;C:\Users\croga\.dotnet\tools;C:\Users\croga\AppData\Roaming\Composer\vendor\bin;C:\Program Files\Java\jdk1.8.0_201;;C:\Program Files\eclipse;;."/>
    <property name="java.vendor" value="Oracle Corporation"/>
    <property name="java.vm.info" value="mixed mode"/>
    <property name="java.vm.version" value="11.0.2+9"/>
    <property name="sun.io.unicode.encoding" value="UnicodeLittle"/>
    <property name="java.class.version" value="55.0"/>
  </properties>
  <testcase name="testAverageReturnsCorrectAverage{List, Map, Double}[1]" classname="com.croga.MassDistribution.MassDistributionTest" time="0.029"/>
  <testcase name="testAverageReturnsCorrectAverage{List, Map, Double}[2]" classname="com.croga.MassDistribution.MassDistributionTest" time="0"/>
  <testcase name="testAverageReturnsCorrectAverage{List, Map, Double}[3]" classname="com.croga.MassDistribution.MassDistributionTest" time="0.001"/>
  <testcase name="testAverageReturnsCorrectAverage{List, Map, Double}[4]" classname="com.croga.MassDistribution.MassDistributionTest" time="0.001"/>
  <testcase name="ShowMeUpperAndLowerValueForCertainMass{List, List, Map, Double, Double[]}[1]" classname="com.croga.MassDistribution.MassDistributionTest" time="0.001"/>
  <testcase name="ShowMeUpperAndLowerValueForCertainMass{List, List, Map, Double, Double[]}[2]" classname="com.croga.MassDistribution.MassDistributionTest" time="0"/>
  <testcase name="ShowMeUpperAndLowerValueForCertainMass{List, List, Map, Double, Double[]}[3]" classname="com.croga.MassDistribution.MassDistributionTest" time="0.001"/>
  <testcase name="ShowMeUpperAndLowerValueForCertainMass{List, List, Map, Double, Double[]}[4]" classname="com.croga.MassDistribution.MassDistributionTest" time="0.001"/>
  <testcase name="createMassDistributionCreatesAMassDistributionWithTheCorrectMap{List, Map, Double}[1]" classname="com.croga.MassDistribution.MassDistributionTest" time="0.004"/>
  <testcase name="createMassDistributionCreatesAMassDistributionWithTheCorrectMap{List, Map, Double}[2]" classname="com.croga.MassDistribution.MassDistributionTest" time="0.001"/>
  <testcase name="createMassDistributionCreatesAMassDistributionWithTheCorrectMap{List, Map, Double}[3]" classname="com.croga.MassDistribution.MassDistributionTest" time="0.001"/>
  <testcase name="createMassDistributionCreatesAMassDistributionWithTheCorrectMap{List, Map, Double}[4]" classname="com.croga.MassDistribution.MassDistributionTest" time="0.001"/>
  <testcase name="CanIAddAnotherArrayToAnExistingMassDistribution{List, List, Map, Double, Double[]}[1]" classname="com.croga.MassDistribution.MassDistributionTest" time="0"/>
  <testcase name="CanIAddAnotherArrayToAnExistingMassDistribution{List, List, Map, Double, Double[]}[2]" classname="com.croga.MassDistribution.MassDistributionTest" time="0"/>
  <testcase name="CanIAddAnotherArrayToAnExistingMassDistribution{List, List, Map, Double, Double[]}[3]" classname="com.croga.MassDistribution.MassDistributionTest" time="0"/>
  <testcase name="CanIAddAnotherArrayToAnExistingMassDistribution{List, List, Map, Double, Double[]}[4]" classname="com.croga.MassDistribution.MassDistributionTest" time="0.001"/>
</testsuite>